This is pdfTeX, Version 3.141592653-2.6-1.40.29 (TeX Live 2026/Arch Linux) (preloaded format=pdflatex 2026.4.15)  23 APR 2026 00:00
entering extended mode
 restricted \write18 enabled.
 %&-line parsing enabled.
**impactledger_template_aligned.tex
(./impactledger_template_aligned.tex
LaTeX2e <2025-11-01>
L3 programming layer <2026-01-19>
(/usr/share/texmf-dist/tex/latex/base/article.cls
Document Class: article 2025/01/22 v1.4n Standard LaTeX document class
(/usr/share/texmf-dist/tex/latex/base/size12.clo
File: size12.clo 2025/01/22 v1.4n Standard LaTeX file (size option)
)
\c@part=\count275
\c@section=\count276
\c@subsection=\count277
\c@subsubsection=\count278
\c@paragraph=\count279
\c@subparagraph=\count280
\c@figure=\count281
\c@table=\count282
\abovecaptionskip=\skip49
\belowcaptionskip=\skip50
\bibindent=\dimen148
)
(/usr/share/texmf-dist/tex/latex/geometry/geometry.sty
Package: geometry 2020/01/02 v5.9 Page Geometry

(/usr/share/texmf-dist/tex/latex/graphics/keyval.sty
Package: keyval 2022/05/29 v1.15 key=value parser (DPC)
\KV@toks@=\toks17
)
(/usr/share/texmf-dist/tex/generic/iftex/ifvtex.sty
Package: ifvtex 2019/10/25 v1.7 ifvtex legacy package. Use iftex instead.

(/usr/share/texmf-dist/tex/generic/iftex/iftex.sty
Package: iftex 2024/12/12 v1.0g TeX engine tests
))
\Gm@cnth=\count283
\Gm@cntv=\count284
\c@Gm@tempcnt=\count285
\Gm@bindingoffset=\dimen149
\Gm@wd@mp=\dimen150
\Gm@odd@mp=\dimen151
\Gm@even@mp=\dimen152
\Gm@layoutwidth=\dimen153
\Gm@layoutheight=\dimen154
\Gm@layouthoffset=\dimen155
\Gm@layoutvoffset=\dimen156
\Gm@dimlist=\toks18
)
(/usr/share/texmf-dist/tex/latex/base/fontenc.sty
Package: fontenc 2025/07/18 v2.1d Standard LaTeX package
)
(/usr/share/texmf-dist/tex/latex/graphics/graphicx.sty
Package: graphicx 2024/12/31 v1.2e Enhanced LaTeX Graphics (DPC,SPQR)

(/usr/share/texmf-dist/tex/latex/graphics/graphics.sty
Package: graphics 2024/08/06 v1.4g Standard LaTeX Graphics (DPC,SPQR)

(/usr/share/texmf-dist/tex/latex/graphics/trig.sty
Package: trig 2023/12/02 v1.11 sin cos tan (DPC)
)
(/usr/share/texmf-dist/tex/latex/graphics-cfg/graphics.cfg
File: graphics.cfg 2016/06/04 v1.11 sample graphics configuration
)
Package graphics Info: Driver file: pdftex.def on input line 106.

(/usr/share/texmf-dist/tex/latex/graphics-def/pdftex.def
File: pdftex.def 2025/09/29 v1.2d Graphics/color driver for pdftex
))
\Gin@req@height=\dimen157
\Gin@req@width=\dimen158
)
(/usr/share/texmf-dist/tex/latex/float/float.sty
Package: float 2001/11/08 v1.3d Float enhancements (AL)
\c@float@type=\count286
\float@exts=\toks19
\float@box=\box53
\@float@everytoks=\toks20
\@floatcapt=\box54
)
(/usr/share/texmf-dist/tex/latex/tools/longtable.sty
Package: longtable 2025-10-13 v4.24 Multi-page Table package (DPC)
\LTleft=\skip51
\LTright=\skip52
\LTpre=\skip53
\LTpost=\skip54
\LTchunksize=\count287
\LTcapwidth=\dimen159
\LT@head=\box55
\LT@firsthead=\box56
\LT@foot=\box57
\LT@lastfoot=\box58
\LT@gbox=\box59
\LT@cols=\count288
\LT@rows=\count289
\c@LT@tables=\count290
\c@LT@chunks=\count291
\LT@p@ftn=\toks21
)
(/usr/share/texmf-dist/tex/latex/tools/array.sty
Package: array 2025/09/25 v2.6n Tabular extension package (FMi)
\col@sep=\dimen160
\ar@mcellbox=\box60
\extrarowheight=\dimen161
\NC@list=\toks22
\extratabsurround=\skip55
\backup@length=\skip56
\ar@cellbox=\box61
)
(/usr/share/texmf-dist/tex/latex/booktabs/booktabs.sty
Package: booktabs 2020/01/12 v1.61803398 Publication quality tables
\heavyrulewidth=\dimen162
\lightrulewidth=\dimen163
\cmidrulewidth=\dimen164
\belowrulesep=\dimen165
\belowbottomsep=\dimen166
\aboverulesep=\dimen167
\abovetopsep=\dimen168
\cmidrulesep=\dimen169
\cmidrulekern=\dimen170
\defaultaddspace=\dimen171
\@cmidla=\count292
\@cmidlb=\count293
\@aboverulesep=\dimen172
\@belowrulesep=\dimen173
\@thisruleclass=\count294
\@lastruleclass=\count295
\@thisrulewidth=\dimen174
)
(/usr/share/texmf-dist/tex/latex/hyperref/hyperref.sty
Package: hyperref 2026-01-29 v7.01p Hypertext links for LaTeX

(/usr/share/texmf-dist/tex/latex/kvsetkeys/kvsetkeys.sty
Package: kvsetkeys 2022-10-05 v1.19 Key value parser (HO)
)
(/usr/share/texmf-dist/tex/generic/kvdefinekeys/kvdefinekeys.sty
Package: kvdefinekeys 2019-12-19 v1.6 Define keys (HO)
)
(/usr/share/texmf-dist/tex/generic/pdfescape/pdfescape.sty
Package: pdfescape 2019/12/09 v1.15 Implements pdfTeX's escape features (HO)

(/usr/share/texmf-dist/tex/generic/ltxcmds/ltxcmds.sty
Package: ltxcmds 2023-12-04 v1.26 LaTeX kernel commands for general use (HO)
)
(/usr/share/texmf-dist/tex/generic/pdftexcmds/pdftexcmds.sty
Package: pdftexcmds 2020-06-27 v0.33 Utility functions of pdfTeX for LuaTeX (HO
)

(/usr/share/texmf-dist/tex/generic/infwarerr/infwarerr.sty
Package: infwarerr 2019/12/03 v1.5 Providing info/warning/error messages (HO)
)
Package pdftexcmds Info: \pdf@primitive is available.
Package pdftexcmds Info: \pdf@ifprimitive is available.
Package pdftexcmds Info: \pdfdraftmode found.
))
(/usr/share/texmf-dist/tex/latex/hycolor/hycolor.sty
Package: hycolor 2020-01-27 v1.10 Color options for hyperref/bookmark (HO)
)
(/usr/share/texmf-dist/tex/latex/hyperref/nameref.sty
Package: nameref 2026-01-29 v2.58 Cross-referencing by name of section

(/usr/share/texmf-dist/tex/latex/refcount/refcount.sty
Package: refcount 2019/12/15 v3.6 Data extraction from label references (HO)
)
(/usr/share/texmf-dist/tex/generic/gettitlestring/gettitlestring.sty
Package: gettitlestring 2019/12/15 v1.6 Cleanup title references (HO)

(/usr/share/texmf-dist/tex/latex/kvoptions/kvoptions.sty
Package: kvoptions 2022-06-15 v3.15 Key value format for package options (HO)
))
\c@section@level=\count296
)
(/usr/share/texmf-dist/tex/latex/etoolbox/etoolbox.sty
Package: etoolbox 2025/10/02 v2.5m e-TeX tools for LaTeX (JAW)
\etb@tempcnta=\count297
)
(/usr/share/texmf-dist/tex/generic/stringenc/stringenc.sty
Package: stringenc 2019/11/29 v1.12 Convert strings between diff. encodings (HO
)
)
\@linkdim=\dimen175
\Hy@linkcounter=\count298
\Hy@pagecounter=\count299

(/usr/share/texmf-dist/tex/latex/hyperref/pd1enc.def
File: pd1enc.def 2026-01-29 v7.01p Hyperref: PDFDocEncoding definition (HO)
Now handling font encoding PD1 ...
... no UTF-8 mapping file for font encoding PD1
)
(/usr/share/texmf-dist/tex/generic/intcalc/intcalc.sty
Package: intcalc 2019/12/15 v1.3 Expandable calculations with integers (HO)
)
\Hy@SavedSpaceFactor=\count300

(/usr/share/texmf-dist/tex/latex/hyperref/puenc.def
File: puenc.def 2026-01-29 v7.01p Hyperref: PDF Unicode definition (HO)
Now handling font encoding PU ...
... no UTF-8 mapping file for font encoding PU
)
Package hyperref Info: Hyper figures OFF on input line 4201.
Package hyperref Info: Link nesting OFF on input line 4206.
Package hyperref Info: Hyper index ON on input line 4209.
Package hyperref Info: Plain pages OFF on input line 4216.
Package hyperref Info: Backreferencing OFF on input line 4221.
Package hyperref Info: Implicit mode ON; LaTeX internals redefined.
Package hyperref Info: Bookmarks ON on input line 4468.
\c@Hy@tempcnt=\count301

(/usr/share/texmf-dist/tex/latex/url/url.sty
\Urlmuskip=\muskip17
Package: url 2013/09/16  ver 3.4  Verb mode for urls, etc.
)
LaTeX Info: Redefining \url on input line 4807.
\XeTeXLinkMargin=\dimen176

(/usr/share/texmf-dist/tex/generic/bitset/bitset.sty
Package: bitset 2019/12/09 v1.3 Handle bit-vector datatype (HO)

(/usr/share/texmf-dist/tex/generic/bigintcalc/bigintcalc.sty
Package: bigintcalc 2019/12/15 v1.5 Expandable calculations on big integers (HO
)
))
\Fld@menulength=\count302
\Field@Width=\dimen177
\Fld@charsize=\dimen178
Package hyperref Info: Hyper figures OFF on input line 6084.
Package hyperref Info: Link nesting OFF on input line 6089.
Package hyperref Info: Hyper index ON on input line 6092.
Package hyperref Info: backreferencing OFF on input line 6099.
Package hyperref Info: Link coloring OFF on input line 6104.
Package hyperref Info: Link coloring with OCG OFF on input line 6109.
Package hyperref Info: PDF/A mode OFF on input line 6114.
\Hy@abspage=\count303
\c@Item=\count304
\c@Hfootnote=\count305
)
Package hyperref Info: Driver (autodetected): hpdftex.

(/usr/share/texmf-dist/tex/latex/hyperref/hpdftex.def
File: hpdftex.def 2026-01-29 v7.01p Hyperref driver for pdfTeX
\Fld@listcount=\count306
\c@bookmark@seq@number=\count307

(/usr/share/texmf-dist/tex/latex/rerunfilecheck/rerunfilecheck.sty
Package: rerunfilecheck 2025-06-21 v1.11 Rerun checks for auxiliary files (HO)

(/usr/share/texmf-dist/tex/generic/uniquecounter/uniquecounter.sty
Package: uniquecounter 2019/12/15 v1.4 Provide unlimited unique counter (HO)
)
Package uniquecounter Info: New unique counter `rerunfilecheck' on input line 2
84.
)
\Hy@SectionHShift=\skip57
)
Package hyperref Info: Option `colorlinks' set `true' on input line 10.

(/usr/share/texmf-dist/tex/latex/l3backend/l3backend-pdftex.def
File: l3backend-pdftex.def 2025-10-09 L3 backend support: PDF output (pdfTeX)
\l__color_backend_stack_int=\count308
)
(./impactledger_template_aligned.aux)
\openout1 = `impactledger_template_aligned.aux'.

LaTeX Font Info:    Checking defaults for OML/cmm/m/it on input line 15.
LaTeX Font Info:    ... okay on input line 15.
LaTeX Font Info:    Checking defaults for OMS/cmsy/m/n on input line 15.
LaTeX Font Info:    ... okay on input line 15.
LaTeX Font Info:    Checking defaults for OT1/cmr/m/n on input line 15.
LaTeX Font Info:    ... okay on input line 15.
LaTeX Font Info:    Checking defaults for T1/cmr/m/n on input line 15.
LaTeX Font Info:    ... okay on input line 15.
LaTeX Font Info:    Checking defaults for TS1/cmr/m/n on input line 15.
LaTeX Font Info:    ... okay on input line 15.
LaTeX Font Info:    Checking defaults for OMX/cmex/m/n on input line 15.
LaTeX Font Info:    ... okay on input line 15.
LaTeX Font Info:    Checking defaults for U/cmr/m/n on input line 15.
LaTeX Font Info:    ... okay on input line 15.
LaTeX Font Info:    Checking defaults for PD1/pdf/m/n on input line 15.
LaTeX Font Info:    ... okay on input line 15.
LaTeX Font Info:    Checking defaults for PU/pdf/m/n on input line 15.
LaTeX Font Info:    ... okay on input line 15.

*geometry* driver: auto-detecting
*geometry* detected driver: pdftex
*geometry* verbose mode - [ preamble ] result:
* driver: pdftex
* paper: a4paper
* layout: <same size as paper>
* layoutoffset:(h,v)=(0.0pt,0.0pt)
* modes: 
* h-part:(L,W,R)=(72.26999pt, 452.9679pt, 72.26999pt)
* v-part:(T,H,B)=(72.26999pt, 700.50687pt, 72.26999pt)
* \paperwidth=597.50787pt
* \paperheight=845.04684pt
* \textwidth=452.9679pt
* \textheight=700.50687pt
* \oddsidemargin=0.0pt
* \evensidemargin=0.0pt
* \topmargin=-37.0pt
* \headheight=12.0pt
* \headsep=25.0pt
* \topskip=12.0pt
* \footskip=30.0pt
* \marginparwidth=35.0pt
* \marginparsep=10.0pt
* \columnsep=10.0pt
* \skip\footins=10.8pt plus 4.0pt minus 2.0pt
* \hoffset=0.0pt
* \voffset=0.0pt
* \mag=1000
* \@twocolumnfalse
* \@twosidefalse
* \@mparswitchfalse
* \@reversemarginfalse
* (1in=72.27pt=25.4mm, 1cm=28.453pt)

(/usr/share/texmf-dist/tex/context/base/mkii/supp-pdf.mkii
[Loading MPS to PDF converter (version 2006.09.02).]
\scratchcounter=\count309
\scratchdimen=\dimen179
\scratchbox=\box62
\nofMPsegments=\count310
\nofMParguments=\count311
\everyMPshowfont=\toks23
\MPscratchCnt=\count312
\MPscratchDim=\dimen180
\MPnumerator=\count313
\makeMPintoPDFobject=\count314
\everyMPtoPDFconversion=\toks24
) (/usr/share/texmf-dist/tex/latex/epstopdf-pkg/epstopdf-base.sty
Package: epstopdf-base 2020-01-24 v2.11 Base part for package epstopdf
Package epstopdf-base Info: Redefining graphics rule for `.eps' on input line 4
85.

(/usr/share/texmf-dist/tex/latex/latexconfig/epstopdf-sys.cfg
File: epstopdf-sys.cfg 2010/07/13 v1.3 Configuration of (r)epstopdf for TeX Liv
e
))
(/usr/share/texmf-dist/tex/latex/graphics/color.sty
Package: color 2025/01/14 v1.3e Standard LaTeX Color (DPC)

(/usr/share/texmf-dist/tex/latex/graphics-cfg/color.cfg
File: color.cfg 2016/01/02 v1.6 sample color configuration
)
Package color Info: Driver file: pdftex.def on input line 149.

(/usr/share/texmf-dist/tex/latex/graphics/mathcolor.ltx))
Package hyperref Info: Link coloring ON on input line 15.

(./impactledger_template_aligned.out) (./impactledger_template_aligned.out)
\@outlinefile=\write3
\openout3 = `impactledger_template_aligned.out'.

<rbulogo.png, id=104, 332.24126pt x 152.57pt>
File: rbulogo.png Graphic file (type png)
<use rbulogo.png>
Package pdftex.def Info: rbulogo.png  used on input line 41.
(pdftex.def)             Requested size: 203.83417pt x 93.603pt.

[1

{/var/lib/texmf/fonts/map/pdftex/updmap/pdftex.map}{/usr/share/texmf-dist/fonts
/enc/dvips/cm-super/cm-super-t1.enc} <./rbulogo.png (PNG copy)>]
LaTeX Font Info:    External font `cmex10' loaded for size
(Font)              <12> on input line 57.
LaTeX Font Info:    External font `cmex10' loaded for size
(Font)              <8> on input line 57.
LaTeX Font Info:    External font `cmex10' loaded for size
(Font)              <6> on input line 57.

pdfTeX warning (ext4): destination with the same identifier (name{page.1}) has 
been already used, duplicate ignored
<to be read again> 
                   \relax 
l.69 \newpage
              [1] [2] [3] [4] (./impactledger_template_aligned.toc [5])
\tf@toc=\write4
\openout4 = `impactledger_template_aligned.toc'.


[6{/usr/share/texmf-dist/fonts/enc/dvips/cm-super/cm-super-ts1.enc}]

Package hyperref Warning: Token not allowed in a PDF string (Unicode):
(hyperref)                removing `\\' on input line 135.

[7]

Package hyperref Warning: Token not allowed in a PDF string (Unicode):
(hyperref)                removing `\\' on input line 149.

[8]

Package hyperref Warning: Token not allowed in a PDF string (Unicode):
(hyperref)                removing `\\' on input line 159.

[9]

Package hyperref Warning: Token not allowed in a PDF string (Unicode):
(hyperref)                removing `\\' on input line 171.


Underfull \hbox (badness 1033) in paragraph at lines 185--185
[]|\T1/cmr/m/n/12 Provide re-port and an-a-lyt-ics end-
 []


Underfull \hbox (badness 1189) in paragraph at lines 186--186
[]|\T1/cmr/m/n/12 Expose pub-lic trans-parency ledger
 []


Underfull \hbox (badness 8113) in paragraph at lines 187--187
[]|\T1/cmr/m/n/12 Filter do-na-tions and list views
 []


Underfull \hbox (badness 1558) in paragraph at lines 187--187
\T1/cmr/m/n/12 where im-ple-mented in route han-
 []


Overfull \hbox (20.81609pt too wide) in alignment at lines 175--190
 [] [] [] [] 
 []

[10]
Underfull \hbox (badness 10000) in paragraph at lines 218--218
[]|\T1/cmr/m/n/12 Payment In-te-gra-
 []


Package hyperref Warning: Token not allowed in a PDF string (Unicode):
(hyperref)                removing `\\' on input line 225.

[11]
<assets/system_architecture.png, id=202, 1884.03876pt x 789.95125pt>
File: assets/system_architecture.png Graphic file (type png)
<use assets/system_architecture.png>
Package pdftex.def Info: assets/system_architecture.png  used on input line 234
.
(pdftex.def)             Requested size: 452.95474pt x 189.91762pt.
<assets/er_diagram.png, id=204, 2192.19pt x 579.16376pt>
File: assets/er_diagram.png Graphic file (type png)
<use assets/er_diagram.png>
Package pdftex.def Info: assets/er_diagram.png  used on input line 240.
(pdftex.def)             Requested size: 452.94757pt x 119.66609pt.
<assets/route_map.png, id=205, 685.56125pt x 1955.305pt>
File: assets/route_map.png Graphic file (type png)
<use assets/route_map.png>
Package pdftex.def Info: assets/route_map.png  used on input line 246.
(pdftex.def)             Requested size: 184.20438pt x 525.37357pt.
 [12 <./assets/system_architecture.png> <./assets/er_diagram.png>]
<assets/donation_sequence.png, id=215, 1722.435pt x 765.86125pt>
File: assets/donation_sequence.png Graphic file (type png)
<use assets/donation_sequence.png>
Package pdftex.def Info: assets/donation_sequence.png  used on input line 252.
(pdftex.def)             Requested size: 452.97386pt x 201.4097pt.
 [13 <./assets/route_map.png>]
<assets/schema.png, id=222, 3934.7pt x 2102.85625pt>
File: assets/schema.png Graphic file (type png)
<use assets/schema.png>
Package pdftex.def Info: assets/schema.png  used on input line 258.
(pdftex.def)             Requested size: 452.93127pt x 242.06403pt.
 [14 <./assets/donation_sequence.png> <./assets/schema.png>]

Package hyperref Warning: Token not allowed in a PDF string (Unicode):
(hyperref)                removing `\\' on input line 263.

<assets/methodology_workflow.png, id=230, 1736.4875pt x 131.49126pt>
File: assets/methodology_workflow.png Graphic file (type png)
<use assets/methodology_workflow.png>
Package pdftex.def Info: assets/methodology_workflow.png  used on input line 27
0.
(pdftex.def)             Requested size: 452.95992pt x 34.29927pt.
<assets/stack_overview.png, id=231, 685.56125pt x 687.56876pt>
File: assets/stack_overview.png Graphic file (type png)
<use assets/stack_overview.png>
Package pdftex.def Info: assets/stack_overview.png  used on input line 276.
(pdftex.def)             Requested size: 452.9844pt x 454.31087pt.
[15 <./assets/methodology_workflow.png>] [16 <./assets/stack_overview.png>]

Package hyperref Warning: Token not allowed in a PDF string (Unicode):
(hyperref)                removing `\\' on input line 281.

[17]
Underfull \hbox (badness 2150) in paragraph at lines 306--307
[]|\T1/cmr/m/n/12 Placement in Re-
 []


Underfull \hbox (badness 1173) in paragraph at lines 309--309
[]|\T1/cmr/m/n/12 User Reg-is-tra-tion /
 []


Underfull \hbox (badness 10000) in paragraph at lines 309--310
[]|\T1/cmr/m/n/12 After au-then-ti-
 []


Underfull \hbox (badness 10000) in paragraph at lines 309--310
\T1/cmr/m/n/12 ca-tion mod-ule
 []


Underfull \hbox (badness 10000) in paragraph at lines 310--311
[]|\T1/cmr/m/n/12 After dash-board
 []


Underfull \hbox (badness 7362) in paragraph at lines 311--311
[]|\T1/cmr/m/n/12 Campaign Cre-ation
 []


Underfull \hbox (badness 10000) in paragraph at lines 311--311
[]|\T1/cmr/m/n/12 Capture form with ti-
 []


Underfull \hbox (badness 10000) in paragraph at lines 311--311
\T1/cmr/m/n/12 tle/category/date/description
 []


Underfull \hbox (badness 10000) in paragraph at lines 311--312
[]|\T1/cmr/m/n/12 After cam-paign
 []


Underfull \hbox (badness 10000) in paragraph at lines 311--312
\T1/cmr/m/n/12 man-age-ment de-
 []


Underfull \hbox (badness 10000) in paragraph at lines 312--312
[]|\T1/cmr/m/n/12 Project/Campaign
 []


Underfull \hbox (badness 10000) in paragraph at lines 312--313
\T1/cmr/m/n/12 tion-al-ity de-scrip-
 []


Underfull \hbox (badness 2626) in paragraph at lines 313--313
[]|\T1/cmr/m/n/12 Activity Log In-ter-
 []


Underfull \hbox (badness 2343) in paragraph at lines 314--314
[]|\T1/cmr/m/n/12 Donation Record-ing
 []


Underfull \hbox (badness 10000) in paragraph at lines 314--315
[]|\T1/cmr/m/n/12 After do-na-tion
 []


Underfull \hbox (badness 7397) in paragraph at lines 314--315
\T1/cmr/m/n/12 record-ing de-scrip-
 []


Underfull \hbox (badness 1629) in paragraph at lines 315--315
[]|\T1/cmr/m/n/12 Capture charts with la-beled
 []


Overfull \hbox (16.29582pt too wide) in alignment at lines 304--317
 [] [] [] [] 
 []

[18]

Package hyperref Warning: Token not allowed in a PDF string (Unicode):
(hyperref)                removing `\\' on input line 320.


Overfull \hbox (52.8863pt too wide) in paragraph at lines 327--328
[]\T1/cmr/m/n/12 payment event life-cy-cle is cap-tured through \T1/cmtt/m/n/12
 donation_ledger \T1/cmr/m/n/12 and \T1/cmtt/m/n/12 payment_webhook_events\T1/c
mr/m/n/12 ; 
 []


Underfull \hbox (badness 3078) in paragraph at lines 334--335
[]|\T1/cmr/m/n/12 With Im-pactLedger im-ple-
 []


Underfull \hbox (badness 10000) in paragraph at lines 336--337
[]|\T1/cmr/m/n/12 Structured tenant-scoped
 []


Underfull \hbox (badness 10000) in paragraph at lines 337--338
[]|\T1/cmr/m/n/12 Checkout + web-hook +
 []


Underfull \hbox (badness 4660) in paragraph at lines 338--339
[]|\T1/cmr/m/n/12 Role-based dash-board and
 []


Underfull \hbox (badness 10000) in paragraph at lines 340--341
[]|\T1/cmr/m/n/12 Query-backed dash-boards
 []

[19]
Underfull \hbox (badness 2057) in paragraph at lines 350--350
[]|\T1/cmr/m/n/12 Successful pro-
 []


Underfull \hbox (badness 1769) in paragraph at lines 351--351
[]|\T1/cmr/m/n/12 11/11 in-te-gra-tion tests
 []


Underfull \hbox (badness 10000) in paragraph at lines 352--352
[]|\T1/cmr/m/n/12 Payment rec-on-cil-i-a-tion
 []


Underfull \hbox (badness 3612) in paragraph at lines 352--352
[]|\T1/cmr/m/n/12 Implemented and per-
 []


Underfull \hbox (badness 10000) in paragraph at lines 353--353
[]|\T1/cmr/m/n/12 Event-level
 []


Overfull \hbox (3.85426pt too wide) in paragraph at lines 353--353
[]|\T1/cmr/m/n/12 Donation/webhook/audit
 []


Overfull \hbox (2.70041pt too wide) in alignment at lines 346--355
 [] [] [] [] 
 []


Package hyperref Warning: Token not allowed in a PDF string (Unicode):
(hyperref)                removing `\\' on input line 357.


Package hyperref Warning: Token not allowed in a PDF string (Unicode):
(hyperref)                removing `\\' on input line 364.


Underfull \hbox (badness 10000) in paragraph at lines 375--376
[]|\T1/cmr/m/n/12 Non-Functional Re-quire-ments of Im-
 []

[20] [21]
<landingpage.png, id=277, 1716.4125pt x 987.69pt>
File: landingpage.png Graphic file (type png)
<use landingpage.png>
Package pdftex.def Info: landingpage.png  used on input line 403.
(pdftex.def)             Requested size: 452.9679pt x 260.65149pt.
<admindashboard.png, id=278, 1725.44624pt x 992.70876pt>
File: admindashboard.png Graphic file (type png)
<use admindashboard.png>
Package pdftex.def Info: admindashboard.png  used on input line 409.
(pdftex.def)             Requested size: 452.9679pt x 260.59752pt.
<volunteerpage.png, id=279, 1716.4125pt x 987.69pt>
File: volunteerpage.png Graphic file (type png)
<use volunteerpage.png>
Package pdftex.def Info: volunteerpage.png  used on input line 415.
(pdftex.def)             Requested size: 452.9679pt x 260.65149pt.
 [22 <./landingpage.png> <./admindashboard.png>]
<donationpage.png, id=289, 1716.4125pt x 987.69pt>
File: donationpage.png Graphic file (type png)
<use donationpage.png>
Package pdftex.def Info: donationpage.png  used on input line 421.
(pdftex.def)             Requested size: 452.9679pt x 260.65149pt.
 [23 <./volunteerpage.png> <./donationpage.png>] (./impactledger_template_align
ed.aux)
 ***********
LaTeX2e <2025-11-01>
L3 programming layer <2026-01-19>
 ***********
Package rerunfilecheck Info: File `impactledger_template_aligned.out' has not c
hanged.
(rerunfilecheck)             Checksum: 5B34951914A2C0AF579E8041D4367C07;4910.
 ) 
Here is how much of TeX's memory you used:
 9665 strings out of 469515
 147773 string characters out of 5470807
 572835 words of memory out of 5000000
 38149 multiletter control sequences out of 15000+600000
 635735 words of font info for 57 fonts, out of 8000000 for 9000
 14 hyphenation exceptions out of 8191
 75i,8n,79p,714b,516s stack positions out of 10000i,1000n,20000p,200000b,200000s
</usr/share/texmf-dist/fonts/type1/public/cm-super/sfbx1200.pfb></usr/share/t
exmf-dist/fonts/type1/public/cm-super/sfbx1440.pfb></usr/share/texmf-dist/fonts
/type1/public/cm-super/sfbx1728.pfb></usr/share/texmf-dist/fonts/type1/public/c
m-super/sfrm1200.pfb></usr/share/texmf-dist/fonts/type1/public/cm-super/sfrm144
0.pfb></usr/share/texmf-dist/fonts/type1/public/cm-super/sfrm1728.pfb></usr/sha
re/texmf-dist/fonts/type1/public/cm-super/sftt1200.pfb>
Output written on impactledger_template_aligned.pdf (24 pages, 2753691 bytes).
PDF statistics:
 350 PDF objects out of 1000 (max. 8388607)
 284 compressed objects within 3 object streams
 68 named destinations out of 1000 (max. 500000)
 261 words of extra memory for PDF output out of 10000 (max. 10000000)

