\BOOKMARK [1][-]{section.1}{\376\377\000C\000E\000R\000T\000I\000F\000I\000C\000A\000T\000E}{}% 1
\BOOKMARK [1][-]{section.2}{\376\377\000D\000E\000C\000L\000A\000R\000A\000T\000I\000O\000N}{}% 2
\BOOKMARK [1][-]{section.3}{\376\377\000A\000C\000K\000N\000O\000W\000L\000E\000D\000G\000E\000M\000E\000N\000T\000S}{}% 3
\BOOKMARK [1][-]{section.4}{\376\377\000A\000B\000S\000T\000R\000A\000C\000T}{}% 4
\BOOKMARK [1][-]{section.5}{\376\377\000L\000I\000S\000T\000\040\000O\000F\000\040\000F\000I\000G\000U\000R\000E\000S}{}% 5
\BOOKMARK [1][-]{section.6}{\376\377\000L\000I\000S\000T\000\040\000O\000F\000\040\000T\000A\000B\000L\000E\000S}{}% 6
\BOOKMARK [1][-]{section.7}{\376\377\000C\000H\000A\000P\000T\000E\000R\000\040\0001\000I\000N\000T\000R\000O\000D\000U\000C\000T\000I\000O\000N}{}% 7
\BOOKMARK [1][-]{section.8}{\376\377\000C\000H\000A\000P\000T\000E\000R\000\040\0002\000C\000O\000M\000M\000U\000N\000I\000T\000Y\000\040\000A\000N\000A\000L\000Y\000S\000I\000S}{}% 8
\BOOKMARK [1][-]{section.9}{\376\377\000C\000H\000A\000P\000T\000E\000R\000\040\0003\000L\000I\000T\000E\000R\000A\000T\000U\000R\000E\000\040\000R\000E\000V\000I\000E\000W}{}% 9
\BOOKMARK [1][-]{section.10}{\376\377\000C\000H\000A\000P\000T\000E\000R\000\040\0004\000S\000Y\000S\000T\000E\000M\000\040\000R\000E\000Q\000U\000I\000R\000E\000M\000E\000N\000T\000S}{}% 10
\BOOKMARK [2][-]{subsection.10.1}{\376\377\000T\000a\000b\000l\000e\000\040\0004\000.\0001\000:\000\040\000F\000u\000n\000c\000t\000i\000o\000n\000a\000l\000\040\000R\000e\000q\000u\000i\000r\000e\000m\000e\000n\000t\000s\000\040\000o\000f\000\040\000I\000m\000p\000a\000c\000t\000L\000e\000d\000g\000e\000r}{section.10}% 11
\BOOKMARK [2][-]{subsection.10.2}{\376\377\000T\000a\000b\000l\000e\000\040\0004\000.\0002\000:\000\040\000N\000o\000n\000-\000F\000u\000n\000c\000t\000i\000o\000n\000a\000l\000\040\000R\000e\000q\000u\000i\000r\000e\000m\000e\000n\000t\000s\000\040\000o\000f\000\040\000I\000m\000p\000a\000c\000t\000L\000e\000d\000g\000e\000r}{section.10}% 12
\BOOKMARK [2][-]{subsection.10.3}{\376\377\000T\000a\000b\000l\000e\000\040\0004\000.\0003\000:\000\040\000H\000a\000r\000d\000w\000a\000r\000e\000\040\000a\000n\000d\000\040\000S\000o\000f\000t\000w\000a\000r\000e\000\040\000R\000e\000q\000u\000i\000r\000e\000m\000e\000n\000t\000s}{section.10}% 13
\BOOKMARK [1][-]{section.11}{\376\377\000C\000H\000A\000P\000T\000E\000R\000\040\0005\000S\000Y\000S\000T\000E\000M\000\040\000D\000E\000S\000I\000G\000N}{}% 14
\BOOKMARK [1][-]{section.12}{\376\377\000C\000H\000A\000P\000T\000E\000R\000\040\0006\000M\000E\000T\000H\000O\000D\000O\000L\000O\000G\000Y}{}% 15
\BOOKMARK [1][-]{section.13}{\376\377\000C\000H\000A\000P\000T\000E\000R\000\040\0007\000I\000M\000P\000L\000E\000M\000E\000N\000T\000A\000T\000I\000O\000N}{}% 16
\BOOKMARK [2][-]{subsection.13.1}{\376\377\000T\000a\000b\000l\000e\000\040\0007\000.\0001\000:\000\040\000S\000c\000r\000e\000e\000n\000s\000h\000o\000t\000\040\000P\000l\000a\000c\000e\000m\000e\000n\000t\000\040\000G\000u\000i\000d\000e\000\040\000f\000o\000r\000\040\000C\000h\000a\000p\000t\000e\000r\000\040\0007}{section.13}% 17
\BOOKMARK [1][-]{section.14}{\376\377\000C\000H\000A\000P\000T\000E\000R\000\040\0008\000R\000E\000S\000U\000L\000T\000S\000\040\000A\000N\000D\000\040\000I\000M\000P\000A\000C\000T}{}% 18
\BOOKMARK [2][-]{subsection.14.1}{\376\377\000T\000a\000b\000l\000e\000\040\0008\000.\0001\000:\000\040\000B\000e\000f\000o\000r\000e\000\040\000v\000s\000\040\000A\000f\000t\000e\000r\000\040\000C\000o\000m\000p\000a\000r\000i\000s\000o\000n\000\040\040\024\000\040\000I\000m\000p\000a\000c\000t\000L\000e\000d\000g\000e\000r\000\040\000I\000m\000p\000l\000e\000m\000e\000n\000t\000a\000t\000i\000o\000n}{section.14}% 19
\BOOKMARK [2][-]{subsection.14.2}{\376\377\000T\000a\000b\000l\000e\000\040\0008\000.\0002\000:\000\040\000S\000y\000s\000t\000e\000m\000\040\000P\000e\000r\000f\000o\000r\000m\000a\000n\000c\000e\000\040\000M\000e\000t\000r\000i\000c\000s\000\040\040\024\000\040\000I\000m\000p\000a\000c\000t\000L\000e\000d\000g\000e\000r}{section.14}% 20
\BOOKMARK [1][-]{section.15}{\376\377\000C\000H\000A\000P\000T\000E\000R\000\040\0009\000D\000I\000S\000C\000U\000S\000S\000I\000O\000N}{}% 21
\BOOKMARK [1][-]{section.16}{\376\377\000C\000H\000A\000P\000T\000E\000R\000\040\0001\0000\000C\000O\000N\000C\000L\000U\000S\000I\000O\000N\000\040\000A\000N\000D\000\040\000F\000U\000T\000U\000R\000E\000\040\000S\000C\000O\000P\000E}{}% 22
\BOOKMARK [1][-]{section.17}{\376\377\000Q\000U\000I\000C\000K\000\040\000R\000E\000F\000E\000R\000E\000N\000C\000E\000:\000\040\000A\000L\000L\000\040\000F\000I\000G\000U\000R\000E\000S\000\040\000A\000N\000D\000\040\000T\000A\000B\000L\000E\000S}{}% 23
\BOOKMARK [1][-]{section.18}{\376\377\000R\000E\000F\000E\000R\000E\000N\000C\000E\000S}{}% 24
\BOOKMARK [1][-]{section.19}{\376\377\000A\000P\000P\000E\000N\000D\000I\000C\000E\000S}{}% 25
